TN:
SF:/home/alnicoprime/hh-fcc/hardhat-smartcontract-lottery/contracts/Raffle.sol
FN:62,constructor
FN:73,enterRaffle
FN:96,checkUpkeep
FN:115,performUpkeep
FN:135,fulfillRandomWords
FN:153,getEntranceFee
FN:157,getPlayer
FN:161,getRecentWinner
FN:165,getRaffleState
FN:168,getNumWords
FN:171,getNoOfPlayers
FN:174,getLatestTimeStamp
FN:177,getRequestConfirmations
FN:180,getInterval
FNF:14
FNH:8
FNDA:3,constructor
FNDA:4,enterRaffle
FNDA:1,checkUpkeep
FNDA:1,performUpkeep
FNDA:0,fulfillRandomWords
FNDA:5,getEntranceFee
FNDA:1,getPlayer
FNDA:0,getRecentWinner
FNDA:1,getRaffleState
FNDA:0,getNumWords
FNDA:0,getNoOfPlayers
FNDA:0,getLatestTimeStamp
FNDA:0,getRequestConfirmations
FNDA:5,getInterval
DA:63,3
DA:64,3
DA:65,3
DA:66,3
DA:67,3
DA:68,3
DA:69,3
DA:70,3
DA:75,4
DA:76,1
DA:78,3
DA:79,0
DA:81,3
DA:84,3
DA:104,1
DA:105,1
DA:106,1
DA:107,1
DA:108,1
DA:109,1
DA:116,1
DA:117,1
DA:118,0
DA:124,1
DA:125,1
DA:132,0
DA:138,0
DA:139,0
DA:140,0
DA:141,0
DA:142,0
DA:143,0
DA:144,0
DA:146,0
DA:147,0
DA:149,0
DA:154,5
DA:158,1
DA:162,0
DA:166,1
DA:169,0
DA:172,0
DA:175,0
DA:178,0
DA:181,5
LF:45
LH:27
BRDA:75,1,0,1
BRDA:75,1,1,3
BRDA:78,2,0,0
BRDA:78,2,1,3
BRDA:117,3,0,0
BRDA:117,3,1,1
BRDA:146,4,0,0
BRDA:146,4,1,0
BRF:8
BRH:4
end_of_record
TN:
SF:/home/alnicoprime/hh-fcc/hardhat-smartcontract-lottery/contracts/test/VRFCorrdinatorV2Mock.sol
FNF:0
FNH:0
LF:0
LH:0
BRF:0
BRH:0
end_of_record
