{"contracts/Raffle.sol":{"l":{"63":3,"64":3,"65":3,"66":3,"67":3,"68":3,"69":3,"70":3,"75":4,"76":1,"78":3,"79":0,"81":3,"84":3,"104":1,"105":1,"106":1,"107":1,"108":1,"109":1,"116":1,"117":1,"118":0,"124":1,"125":1,"132":0,"138":0,"139":0,"140":0,"141":0,"142":0,"143":0,"144":0,"146":0,"147":0,"149":0,"154":5,"158":1,"162":0,"166":1,"169":0,"172":0,"175":0,"178":0,"181":5},"path":"/home/alnicoprime/hh-fcc/hardhat-smartcontract-lottery/contracts/Raffle.sol","s":{"1":4,"2":3,"3":3,"4":3,"5":1,"6":1,"7":1,"8":1,"9":1,"10":1,"11":1,"12":1,"13":0,"14":0,"15":0,"16":0,"17":0,"18":0,"19":5,"20":1,"21":0,"22":1,"23":0,"24":0,"25":0,"26":0,"27":5},"b":{"1":[1,3],"2":[0,3],"3":[0,1],"4":[0,0]},"f":{"1":3,"2":4,"3":1,"4":1,"5":0,"6":5,"7":1,"8":0,"9":1,"10":0,"11":0,"12":0,"13":0,"14":5},"fnMap":{"1":{"name":"constructor","line":62,"loc":{"start":{"line":55,"column":4},"end":{"line":71,"column":4}}},"2":{"name":"enterRaffle","line":73,"loc":{"start":{"line":73,"column":4},"end":{"line":85,"column":4}}},"3":{"name":"checkUpkeep","line":96,"loc":{"start":{"line":96,"column":4},"end":{"line":110,"column":0}}},"4":{"name":"performUpkeep","line":115,"loc":{"start":{"line":115,"column":4},"end":{"line":133,"column":4}}},"5":{"name":"fulfillRandomWords","line":135,"loc":{"start":{"line":135,"column":4},"end":{"line":150,"column":4}}},"6":{"name":"getEntranceFee","line":153,"loc":{"start":{"line":153,"column":4},"end":{"line":155,"column":4}}},"7":{"name":"getPlayer","line":157,"loc":{"start":{"line":157,"column":4},"end":{"line":159,"column":4}}},"8":{"name":"getRecentWinner","line":161,"loc":{"start":{"line":161,"column":4},"end":{"line":163,"column":4}}},"9":{"name":"getRaffleState","line":165,"loc":{"start":{"line":165,"column":4},"end":{"line":167,"column":4}}},"10":{"name":"getNumWords","line":168,"loc":{"start":{"line":168,"column":4},"end":{"line":170,"column":4}}},"11":{"name":"getNoOfPlayers","line":171,"loc":{"start":{"line":171,"column":4},"end":{"line":173,"column":4}}},"12":{"name":"getLatestTimeStamp","line":174,"loc":{"start":{"line":174,"column":4},"end":{"line":176,"column":4}}},"13":{"name":"getRequestConfirmations","line":177,"loc":{"start":{"line":177,"column":4},"end":{"line":179,"column":4}}},"14":{"name":"getInterval","line":180,"loc":{"start":{"line":180,"column":4},"end":{"line":182,"column":4}}}},"statementMap":{"1":{"start":{"line":75,"column":8},"end":{"line":75,"column":2699}},"2":{"start":{"line":78,"column":8},"end":{"line":78,"column":2800}},"3":{"start":{"line":81,"column":8},"end":{"line":81,"column":42}},"4":{"start":{"line":84,"column":8},"end":{"line":84,"column":36}},"5":{"start":{"line":104,"column":4},"end":{"line":104,"column":53}},"6":{"start":{"line":105,"column":4},"end":{"line":105,"column":72}},"7":{"start":{"line":106,"column":4},"end":{"line":106,"column":44}},"8":{"start":{"line":107,"column":4},"end":{"line":107,"column":47}},"9":{"start":{"line":109,"column":4},"end":{"line":109,"column":28}},"10":{"start":{"line":116,"column":4},"end":{"line":116,"column":43}},"11":{"start":{"line":117,"column":4},"end":{"line":117,"column":4272}},"12":{"start":{"line":125,"column":8},"end":{"line":125,"column":4509}},"13":{"start":{"line":132,"column":8},"end":{"line":132,"column":45}},"14":{"start":{"line":138,"column":8},"end":{"line":138,"column":65}},"15":{"start":{"line":139,"column":8},"end":{"line":139,"column":63}},"16":{"start":{"line":144,"column":8},"end":{"line":144,"column":78}},"17":{"start":{"line":146,"column":8},"end":{"line":146,"column":5352}},"18":{"start":{"line":149,"column":8},"end":{"line":149,"column":39}},"19":{"start":{"line":154,"column":8},"end":{"line":154,"column":28}},"20":{"start":{"line":158,"column":8},"end":{"line":158,"column":31}},"21":{"start":{"line":162,"column":8},"end":{"line":162,"column":29}},"22":{"start":{"line":166,"column":8},"end":{"line":166,"column":28}},"23":{"start":{"line":169,"column":8},"end":{"line":169,"column":24}},"24":{"start":{"line":172,"column":8},"end":{"line":172,"column":31}},"25":{"start":{"line":175,"column":8},"end":{"line":175,"column":30}},"26":{"start":{"line":178,"column":8},"end":{"line":178,"column":36}},"27":{"start":{"line":181,"column":8},"end":{"line":181,"column":25}}},"branchMap":{"1":{"line":75,"type":"if","locations":[{"start":{"line":75,"column":8},"end":{"line":75,"column":8}},{"start":{"line":75,"column":8},"end":{"line":75,"column":8}}]},"2":{"line":78,"type":"if","locations":[{"start":{"line":78,"column":8},"end":{"line":78,"column":8}},{"start":{"line":78,"column":8},"end":{"line":78,"column":8}}]},"3":{"line":117,"type":"if","locations":[{"start":{"line":117,"column":4},"end":{"line":117,"column":4}},{"start":{"line":117,"column":4},"end":{"line":117,"column":4}}]},"4":{"line":146,"type":"if","locations":[{"start":{"line":146,"column":8},"end":{"line":146,"column":8}},{"start":{"line":146,"column":8},"end":{"line":146,"column":8}}]}}},"contracts/test/VRFCorrdinatorV2Mock.sol":{"l":{},"path":"/home/alnicoprime/hh-fcc/hardhat-smartcontract-lottery/contracts/test/VRFCorrdinatorV2Mock.sol","s":{},"b":{},"f":{},"fnMap":{},"statementMap":{},"branchMap":{}}}